2015/03/18 22:43:21 にビルドを開始しました。
     1>ノード 2 上のプロジェクト "C:\Users\Public\Documents\directX_11\DirectX11_GameBase\DirectX11_GameBase.vcxproj" (Build ターゲット)。
     1>ClCompile:
         C:\Program Files (x86)\Microsoft Visual Studio 12.0\VC\bin\CL.exe /c /I.\Source /I"C:\Program Files (x86)\Microsoft DirectX SDK (June 2010)\Include" /Zi /nologo /W4 /WX- /sdl /O2 /Oi /Oy- /GL /D WIN32 /D NDEBUG /D _CONSOLE /D _LIB /D _UNICODE /D UNICODE /Gm- /EHsc /MT /GS /Gy /fp:precise /Zc:wchar_t /Zc:forScope /Fo"Release\\" /Fd"Release\vc120.pdb" /Gd /TP /wd4005 /FIstdafx.h /FICommon/Common.h /analyze- /errorReport:prompt Source\FontTexture\FontString.cpp Source\FontTexture\fontTexture.cpp Source\System\SystemManager.cpp
         FontString.cpp
     1>Source\FontTexture\FontString.cpp(46): warning C4244: '=' : 'int' から 'FLOAT' への変換です。データが失われる可能性があります。
     1>c:\users\public\documents\directx_11\directx11_gamebase\source\common\MathUtility.h(88): warning C4505: 'ns_MathUtility::ReviceRadians' : 参照されていないローカル関数は削除されました。
     1>c:\users\public\documents\directx_11\directx11_gamebase\source\common\MathUtility.h(108): warning C4505: 'ns_MathUtility::ReviceDegrees' : 参照されていないローカル関数は削除されました。
         fontTexture.cpp
     1>Source\FontTexture\fontTexture.cpp(77): warning C4101: 'hr' : ローカル変数は 1 度も使われていません。
     1>c:\users\public\documents\directx_11\directx11_gamebase\source\common\MathUtility.h(88): warning C4505: 'ns_MathUtility::ReviceRadians' : 参照されていないローカル関数は削除されました。
     1>c:\users\public\documents\directx_11\directx11_gamebase\source\common\MathUtility.h(108): warning C4505: 'ns_MathUtility::ReviceDegrees' : 参照されていないローカル関数は削除されました。
         SystemManager.cpp
     1>Source\System\SystemManager.cpp(33): warning C4351: 新しい動作: 配列 'CSystemManager::m_pSystems' の要素は既定で初期化されます
     1>c:\users\public\documents\directx_11\directx11_gamebase\source\common\MathUtility.h(88): warning C4505: 'ns_MathUtility::ReviceRadians' : 参照されていないローカル関数は削除されました。
     1>c:\users\public\documents\directx_11\directx11_gamebase\source\common\MathUtility.h(108): warning C4505: 'ns_MathUtility::ReviceDegrees' : 参照されていないローカル関数は削除されました。
       Link:
         C:\Program Files (x86)\Microsoft Visual Studio 12.0\VC\bin\link.exe /ERRORREPORT:PROMPT /OUT:"C:\Users\Public\Documents\directX_11\DirectX11_GameBase\Release\DirectX11_GameBase.exe" /INCREMENTAL:NO /NOLOGO /LIBPATH:"C:\Program Files (x86)\Microsoft DirectX SDK (June 2010)\Lib\x86" kernel32.lib user32.lib gdi32.lib winspool.lib comdlg32.lib advapi32.lib shell32.lib ole32.lib oleaut32.lib uuid.lib odbc32.lib odbccp32.lib /MANIFEST /MANIFESTUAC:"level='asInvoker' uiAccess='false'" /manifest:embed /DEBUG /PDB:"C:\Users\Public\Documents\directX_11\DirectX11_GameBase\Release\DirectX11_GameBase.pdb" /SUBSYSTEM:WINDOWS /OPT:REF /OPT:ICF /LTCG /TLBID:1 /DYNAMICBASE /NXCOMPAT /IMPLIB:"C:\Users\Public\Documents\directX_11\DirectX11_GameBase\Release\DirectX11_GameBase.lib" /MACHINE:X86 /SAFESEH Release\Common.obj
         Release\Collision.obj
         Release\CollisionDetector.obj
         Release\DebugModule.obj
         Release\MyAssert.obj
         Release\Random.obj
         Release\Fade.obj
         Release\FontString.obj
         Release\fontTexture.obj
         Release\Input.obj
         Release\InputJoypad.obj
         Release\InputKeyboard.obj
         Release\InputMouse.obj
         Release\InputXInput.obj
         Release\Main.obj
         Release\Object2D.obj
         Release\ObjectManager.obj
         Release\Pause.obj
         Release\Renderer.obj
         Release\SceneClear.obj
         Release\SceneDebug.obj
         Release\SceneDemo.obj
         Release\SceneGame.obj
         Release\SceneGameOver.obj
         Release\SceneLogo.obj
         Release\SceneManager.obj
         Release\SceneRanking.obj
         Release\SceneResult.obj
         Release\SceneTitle.obj
         Release\Score.obj
         Release\Sprite.obj
         Release\SystemManager.obj
         Release\Timer.obj
         コード生成しています。
     1>c:\users\public\documents\directx_11\directx11_gamebase\source\sprite\sprite.cpp(183): warning C4701: 初期化されていない可能性のあるローカル変数 'hr' が使用されます
         コード生成が終了しました。
         DirectX11_GameBase.vcxproj -> C:\Users\Public\Documents\directX_11\DirectX11_GameBase\Release\DirectX11_GameBase.exe
     1>プロジェクト "C:\Users\Public\Documents\directX_11\DirectX11_GameBase\DirectX11_GameBase.vcxproj" (Build ターゲット) のビルドが完了しました。

ビルドに成功しました。

経過時間 00:00:04.55
