d:\school\git\tgs_spring\directx11_gamebase_font2\release\vc120.pdb
d:\school\git\tgs_spring\directx11_gamebase_font2\release\sceneclear.obj
d:\school\git\tgs_spring\directx11_gamebase_font2\release\renderer.obj
d:\school\git\tgs_spring\directx11_gamebase_font2\release\pause.obj
d:\school\git\tgs_spring\directx11_gamebase_font2\release\objectmanager.obj
d:\school\git\tgs_spring\directx11_gamebase_font2\release\object2d.obj
d:\school\git\tgs_spring\directx11_gamebase_font2\release\main.obj
d:\school\git\tgs_spring\directx11_gamebase_font2\release\inputxinput.obj
d:\school\git\tgs_spring\directx11_gamebase_font2\release\inputmouse.obj
d:\school\git\tgs_spring\directx11_gamebase_font2\release\inputkeyboard.obj
d:\school\git\tgs_spring\directx11_gamebase_font2\release\inputjoypad.obj
d:\school\git\tgs_spring\directx11_gamebase_font2\release\input.obj
d:\school\git\tgs_spring\directx11_gamebase_font2\release\fonttexture.obj
d:\school\git\tgs_spring\directx11_gamebase_font2\release\fontstring.obj
d:\school\git\tgs_spring\directx11_gamebase_font2\release\fade.obj
d:\school\git\tgs_spring\directx11_gamebase_font2\release\random.obj
d:\school\git\tgs_spring\directx11_gamebase_font2\release\myassert.obj
d:\school\git\tgs_spring\directx11_gamebase_font2\release\debugmodule.obj
d:\school\git\tgs_spring\directx11_gamebase_font2\release\collisiondetector.obj
d:\school\git\tgs_spring\directx11_gamebase_font2\release\collision.obj
d:\school\git\tgs_spring\directx11_gamebase_font2\release\common.obj
d:\school\git\tgs_spring\directx11_gamebase_font2\release\timer.obj
d:\school\git\tgs_spring\directx11_gamebase_font2\release\systemmanager.obj
d:\school\git\tgs_spring\directx11_gamebase_font2\release\sprite.obj
d:\school\git\tgs_spring\directx11_gamebase_font2\release\score.obj
d:\school\git\tgs_spring\directx11_gamebase_font2\release\scenetitle.obj
d:\school\git\tgs_spring\directx11_gamebase_font2\release\sceneresult.obj
d:\school\git\tgs_spring\directx11_gamebase_font2\release\sceneranking.obj
d:\school\git\tgs_spring\directx11_gamebase_font2\release\scenemanager.obj
d:\school\git\tgs_spring\directx11_gamebase_font2\release\scenelogo.obj
d:\school\git\tgs_spring\directx11_gamebase_font2\release\scenegameover.obj
d:\school\git\tgs_spring\directx11_gamebase_font2\release\scenegame.obj
d:\school\git\tgs_spring\directx11_gamebase_font2\release\scenedemo.obj
d:\school\git\tgs_spring\directx11_gamebase_font2\release\scenedebug.obj
d:\school\git\tgs_spring\directx11_gamebase_font2\release\directx11_gamebase.exe
d:\school\git\tgs_spring\directx11_gamebase_font2\release\directx11_gamebase.pdb
d:\school\git\tgs_spring\directx11_gamebase_font2\release\directx1.dce7fca3.tlog\cl.command.1.tlog
d:\school\git\tgs_spring\directx11_gamebase_font2\release\directx1.dce7fca3.tlog\cl.read.1.tlog
d:\school\git\tgs_spring\directx11_gamebase_font2\release\directx1.dce7fca3.tlog\cl.write.1.tlog
d:\school\git\tgs_spring\directx11_gamebase_font2\release\directx1.dce7fca3.tlog\link.command.1.tlog
d:\school\git\tgs_spring\directx11_gamebase_font2\release\directx1.dce7fca3.tlog\link.read.1.tlog
d:\school\git\tgs_spring\directx11_gamebase_font2\release\directx1.dce7fca3.tlog\link.write.1.tlog
