d:\hal\tgs\tgs2015\directx11_gamebase_font2\debug\directx11_gamebase.pch
d:\hal\tgs\tgs2015\directx11_gamebase_font2\debug\vc120.pdb
d:\hal\tgs\tgs2015\directx11_gamebase_font2\debug\vc120.idb
d:\hal\tgs\tgs2015\directx11_gamebase_font2\debug\timer.obj
d:\hal\tgs\tgs2015\directx11_gamebase_font2\debug\systemmanager.obj
d:\hal\tgs\tgs2015\directx11_gamebase_font2\debug\sprite.obj
d:\hal\tgs\tgs2015\directx11_gamebase_font2\debug\score.obj
d:\hal\tgs\tgs2015\directx11_gamebase_font2\debug\scenetitle.obj
d:\hal\tgs\tgs2015\directx11_gamebase_font2\debug\sceneresult.obj
d:\hal\tgs\tgs2015\directx11_gamebase_font2\debug\sceneranking.obj
d:\hal\tgs\tgs2015\directx11_gamebase_font2\debug\scenemanager.obj
d:\hal\tgs\tgs2015\directx11_gamebase_font2\debug\scenelogo.obj
d:\hal\tgs\tgs2015\directx11_gamebase_font2\debug\scenegameover.obj
d:\hal\tgs\tgs2015\directx11_gamebase_font2\debug\scenegame.obj
d:\hal\tgs\tgs2015\directx11_gamebase_font2\debug\scenedemo.obj
d:\hal\tgs\tgs2015\directx11_gamebase_font2\debug\scenedebug.obj
d:\hal\tgs\tgs2015\directx11_gamebase_font2\debug\sceneclear.obj
d:\hal\tgs\tgs2015\directx11_gamebase_font2\debug\renderer.obj
d:\hal\tgs\tgs2015\directx11_gamebase_font2\debug\pause.obj
d:\hal\tgs\tgs2015\directx11_gamebase_font2\debug\objectmanager.obj
d:\hal\tgs\tgs2015\directx11_gamebase_font2\debug\object2d.obj
d:\hal\tgs\tgs2015\directx11_gamebase_font2\debug\main.obj
d:\hal\tgs\tgs2015\directx11_gamebase_font2\debug\inputxinput.obj
d:\hal\tgs\tgs2015\directx11_gamebase_font2\debug\inputmouse.obj
d:\hal\tgs\tgs2015\directx11_gamebase_font2\debug\inputkeyboard.obj
d:\hal\tgs\tgs2015\directx11_gamebase_font2\debug\inputjoypad.obj
d:\hal\tgs\tgs2015\directx11_gamebase_font2\debug\input.obj
d:\hal\tgs\tgs2015\directx11_gamebase_font2\debug\fonttexture.obj
d:\hal\tgs\tgs2015\directx11_gamebase_font2\debug\fontstring.obj
d:\hal\tgs\tgs2015\directx11_gamebase_font2\debug\fade.obj
d:\hal\tgs\tgs2015\directx11_gamebase_font2\debug\random.obj
d:\hal\tgs\tgs2015\directx11_gamebase_font2\debug\myassert.obj
d:\hal\tgs\tgs2015\directx11_gamebase_font2\debug\debugmodule.obj
d:\hal\tgs\tgs2015\directx11_gamebase_font2\debug\collisiondetector.obj
d:\hal\tgs\tgs2015\directx11_gamebase_font2\debug\collision.obj
d:\hal\tgs\tgs2015\directx11_gamebase_font2\debug\common.obj
d:\hal\tgs\tgs2015\directx11_gamebase_font2\debug\object2dhuman.obj
d:\hal\tgs\tgs2015\directx11_gamebase_font2\debug\human.obj
d:\hal\tgs\tgs2015\directx11_gamebase_font2\directx11_gamebase.ilk
d:\hal\tgs\tgs2015\directx11_gamebase_font2\directx11_gamebase.exe
d:\hal\tgs\tgs2015\directx11_gamebase_font2\directx11_gamebase.pdb
d:\hal\tgs\tgs2015\directx11_gamebase_font2\debug\directx11_gamebase.ilk
d:\hal\tgs\tgs2015\directx11_gamebase_font2\debug\directx11_gamebase.pdb
d:\hal\tgs\tgs2015\directx11_gamebase_font2\debug\directx1.dce7fca3.tlog\cl.command.1.tlog
d:\hal\tgs\tgs2015\directx11_gamebase_font2\debug\directx1.dce7fca3.tlog\cl.read.1.tlog
d:\hal\tgs\tgs2015\directx11_gamebase_font2\debug\directx1.dce7fca3.tlog\cl.write.1.tlog
d:\hal\tgs\tgs2015\directx11_gamebase_font2\debug\directx1.dce7fca3.tlog\link.command.1.tlog
d:\hal\tgs\tgs2015\directx11_gamebase_font2\debug\directx1.dce7fca3.tlog\link.read.1.tlog
d:\hal\tgs\tgs2015\directx11_gamebase_font2\debug\directx1.dce7fca3.tlog\link.write.1.tlog
