2015/03/27 16:16:51 にビルドを開始しました。
     1>ノード 2 上のプロジェクト "D:\HAL\TGS\TGS2015\DirectX11_GameBase_Font2\DirectX11_GameBase.vcxproj" (Build ターゲット)。
     1>InitializeBuildStatus:
         "Debug\DirectX1.DCE7FCA3.tlog\unsuccessfulbuild" のタッチ タスクを実行しています。
       ClCompile:
         すべての出力が最新のものです。
       Link:
         C:\Program Files (x86)\Microsoft Visual Studio 12.0\VC\bin\link.exe /ERRORREPORT:PROMPT /OUT:"D:\HAL\TGS\TGS2015\DirectX11_GameBase_Font2\DirectX11_GameBase.exe" /INCREMENTAL /NOLOGO kernel32.lib user32.lib gdi32.lib winspool.lib comdlg32.lib advapi32.lib shell32.lib ole32.lib oleaut32.lib uuid.lib odbc32.lib odbccp32.lib /MANIFEST /MANIFESTUAC:"level='asInvoker' uiAccess='false'" /manifest:embed /DEBUG /PDB:"D:\HAL\TGS\TGS2015\DirectX11_GameBase_Font2\DirectX11_GameBase.pdb" /SUBSYSTEM:WINDOWS /TLBID:1 /DYNAMICBASE /NXCOMPAT /IMPLIB:"D:\HAL\TGS\TGS2015\DirectX11_GameBase_Font2\DirectX11_GameBase.lib" /MACHINE:X86 Debug\Common.obj
         Debug\Collision.obj
         Debug\CollisionDetector.obj
         Debug\DebugModule.obj
         Debug\MyAssert.obj
         Debug\Random.obj
         Debug\Fade.obj
         Debug\FontString.obj
         Debug\fontTexture.obj
         Debug\Human.obj
         Debug\Input.obj
         Debug\InputJoypad.obj
         Debug\InputKeyboard.obj
         Debug\InputMouse.obj
         Debug\InputXInput.obj
         Debug\Main.obj
         Debug\Object2D.obj
         Debug\Object2DHuman.obj
         Debug\ObjectManager.obj
         Debug\Pause.obj
         Debug\Renderer.obj
         Debug\SceneClear.obj
         Debug\SceneDebug.obj
         Debug\SceneDemo.obj
         Debug\SceneGame.obj
         Debug\SceneGameOver.obj
         Debug\SceneLogo.obj
         Debug\SceneManager.obj
         Debug\SceneRanking.obj
         Debug\SceneResult.obj
         Debug\SceneTitle.obj
         Debug\Score.obj
         Debug\Sprite.obj
         Debug\SystemManager.obj
         Debug\Timer.obj
         DirectX11_GameBase.vcxproj -> D:\HAL\TGS\TGS2015\DirectX11_GameBase_Font2\DirectX11_GameBase.exe
       CopyFilesToOutputDirectory:
         "Debug\DirectX11_GameBase.pdb" から "D:\HAL\TGS\TGS2015\DirectX11_GameBase_Font2\DirectX11_GameBase.pdb" へファイルをコピーしています。
       FinalizeBuildStatus:
         ファイル "Debug\DirectX1.DCE7FCA3.tlog\unsuccessfulbuild" を削除しています。
         "Debug\DirectX1.DCE7FCA3.tlog\DirectX11_GameBase.lastbuildstate" のタッチ タスクを実行しています。
     1>プロジェクト "D:\HAL\TGS\TGS2015\DirectX11_GameBase_Font2\DirectX11_GameBase.vcxproj" (Build ターゲット) のビルドが完了しました。

ビルドに成功しました。

経過時間 00:00:01.29
